Using pre-set license
Built from '2020.3/staging' branch; Version is '2020.3.22f1 (e1a7f79fd887) revision 14788599'; Using compiler version '192528614'; Build Type 'Release'
OS: 'Windows 10 Pro; OS build 19043.1288; Version 2009; 64bit' Language: 'en' Physical Memory: 16183 MB
BatchMode: 1, IsHumanControllingUs: 0, StartBugReporterOnCrash: 0, Is64bit: 1, IsPro: 0

COMMAND LINE ARGUMENTS:
C:\Program Files\Unity\Hub\Editor\2020.3.22f1\Editor\Unity.exe
-adb2
-batchMode
-noUpm
-name
AssetImportWorker1
-projectPath
C:/Users/amjad/source/repos/games/Birdos
-logFile
Logs/AssetImportWorker1.log
-srvPort
50982
Successfully changed project path to: C:/Users/amjad/source/repos/games/Birdos
C:/Users/amjad/source/repos/games/Birdos
Using Asset Import Pipeline V2.
Refreshing native plugins compatible for Editor in 59.89 ms, found 3 plugins.
Preloading 0 native plugins for Editor in 0.00 ms.
Initialize engine version: 2020.3.22f1 (e1a7f79fd887)
[Subsystems] Discovering subsystems at path C:/Program Files/Unity/Hub/Editor/2020.3.22f1/Editor/Data/Resources/UnitySubsystems
[Subsystems] Discovering subsystems at path C:/Users/amjad/source/repos/games/Birdos/Assets
GfxDevice: creating device client; threaded=0
Direct3D:
    Version:  Direct3D 11.0 [level 11.1]
    Renderer: NVIDIA GeForce MX450 (ID=0x1f97)
    Vendor:   
    VRAM:     1928 MB
    Driver:   27.21.14.6230
Initialize mono
Mono path[0] = 'C:/Program Files/Unity/Hub/Editor/2020.3.22f1/Editor/Data/Managed'
Mono path[1] = 'C:/Program Files/Unity/Hub/Editor/2020.3.22f1/Editor/Data/MonoBleedingEdge/lib/mono/unityjit'
Mono config path = 'C:/Program Files/Unity/Hub/Editor/2020.3.22f1/Editor/Data/MonoBleedingEdge/etc'
Using monoOptions --debugger-agent=transport=dt_socket,embedding=1,server=y,suspend=n,address=127.0.0.1:56308
Begin MonoManager ReloadAssembly
Registering precompiled unity dll's ...
Register platform support module: C:/Program Files/Unity/Hub/Editor/2020.3.22f1/Editor/Data/PlaybackEngines/MacStandaloneSupport/UnityEditor.OSXStandalone.Extensions.dll
Register platform support module: C:/Program Files/Unity/Hub/Editor/2020.3.22f1/Editor/Data/PlaybackEngines/WindowsStandaloneSupport/UnityEditor.WindowsStandalone.Extensions.dll
Register platform support module: C:/Program Files/Unity/Hub/Editor/2020.3.22f1/Editor/Data/PlaybackEngines/LinuxStandaloneSupport/UnityEditor.LinuxStandalone.Extensions.dll
Registered in 0.002818 seconds.
Native extension for LinuxStandalone target not found
Native extension for WindowsStandalone target not found
Native extension for OSXStandalone target not found
Refreshing native plugins compatible for Editor in 65.31 ms, found 3 plugins.
Preloading 0 native plugins for Editor in 0.00 ms.
Mono: successfully reloaded assembly
- Completed reload, in  1.284 seconds
Domain Reload Profiling:
	ReloadAssembly (1284ms)
		BeginReloadAssembly (80ms)
			ExecutionOrderSort (0ms)
			DisableScriptedObjects (0ms)
			BackupInstance (0ms)
			ReleaseScriptingObjects (0ms)
			CreateAndSetChildDomain (1ms)
		EndReloadAssembly (568ms)
			LoadAssemblies (78ms)
			RebuildTransferFunctionScriptingTraits (0ms)
			SetupTypeCache (199ms)
			ReleaseScriptCaches (0ms)
			RebuildScriptCaches (40ms)
			SetupLoadedEditorAssemblies (196ms)
				LogAssemblyErrors (0ms)
				InitializePlatformSupportModulesInManaged (8ms)
				SetLoadedEditorAssemblies (0ms)
				RefreshPlugins (65ms)
				BeforeProcessingInitializeOnLoad (9ms)
				ProcessInitializeOnLoadAttributes (83ms)
				ProcessInitializeOnLoadMethodAttributes (31ms)
				AfterProcessingInitializeOnLoad (0ms)
				EditorAssembliesLoaded (0ms)
			ExecutionOrderSort2 (0ms)
			AwakeInstancesAfterBackupRestoration (0ms)
Platform modules already initialized, skipping
Registering precompiled user dll's ...
Registered in 0.004984 seconds.
Begin MonoManager ReloadAssembly
Native extension for LinuxStandalone target not found
Native extension for WindowsStandalone target not found
Native extension for OSXStandalone target not found
Refreshing native plugins compatible for Editor in 47.87 ms, found 3 plugins.
Preloading 0 native plugins for Editor in 0.00 ms.
Mono: successfully reloaded assembly
- Completed reload, in  1.775 seconds
Domain Reload Profiling:
	ReloadAssembly (1784ms)
		BeginReloadAssembly (154ms)
			ExecutionOrderSort (0ms)
			DisableScriptedObjects (5ms)
			BackupInstance (0ms)
			ReleaseScriptingObjects (0ms)
			CreateAndSetChildDomain (22ms)
		EndReloadAssembly (1555ms)
			LoadAssemblies (81ms)
			RebuildTransferFunctionScriptingTraits (0ms)
			SetupTypeCache (247ms)
			ReleaseScriptCaches (0ms)
			RebuildScriptCaches (40ms)
			SetupLoadedEditorAssemblies (1050ms)
				LogAssemblyErrors (0ms)
				InitializePlatformSupportModulesInManaged (9ms)
				SetLoadedEditorAssemblies (0ms)
				RefreshPlugins (48ms)
				BeforeProcessingInitializeOnLoad (76ms)
				ProcessInitializeOnLoadAttributes (199ms)
				ProcessInitializeOnLoadMethodAttributes (712ms)
				AfterProcessingInitializeOnLoad (5ms)
				EditorAssembliesLoaded (0ms)
			ExecutionOrderSort2 (0ms)
			AwakeInstancesAfterBackupRestoration (9ms)
Platform modules already initialized, skipping
========================================================================
Worker process is ready to serve import requests
Launched and connected shader compiler UnityShaderCompiler.exe after 0.10 seconds
Refreshing native plugins compatible for Editor in 0.61 ms, found 3 plugins.
Preloading 0 native plugins for Editor in 0.00 ms.
Unloading 2182 Unused Serialized files (Serialized files now loaded: 0)
System memory in use before: 95.4 MB.
System memory in use after: 95.5 MB.

Unloading 28 unused Assets to reduce memory usage. Loaded Objects now: 2615.
Total: 2.747400 ms (FindLiveObjects: 0.147800 ms CreateObjectMapping: 0.043100 ms MarkObjects: 2.475400 ms  DeleteObjects: 0.080100 ms)

AssetImportParameters requested are different than current active one (requested -> active):
  custom:framework-win-MediaFoundation: 216162199b28c13a410421893ffa2e32 -> 
  custom:video-decoder-ogg-theora: a1e56fd34408186e4bbccfd4996cb3dc -> 
  custom:container-muxer-webm: aa71ff27fc2769a1b78a27578f13a17b -> 
  custom:container-demuxer-webm: 4f35f7cbe854078d1ac9338744f61a02 -> 
  custom:container-demuxer-ogg: 62fdf1f143b41e24485cea50d1cbac27 -> 
  custom:video-encoder-webm-vp8: eb34c28f22e8b96e1ab97ce403110664 -> 
  custom:video-decoder-webm-vp8: 9c59270c3fd7afecdb556c50c9e8de78 -> 
  custom:audio-decoder-ogg-vorbis: bf7c407c2cedff20999df2af8eb42d56 -> 
  custom:audio-encoder-webm-vorbis: bf7c407c2cedff20999df2af8eb42d56 -> 
========================================================================
Received Import Request.
  path: Assets/Art/Birds/BeekRedOpen2.png
  artifactKey: Guid(0fa51d39f6960854fb7882c09580546e) Importer(815301076,1909f56bfc062723c751e8b465ee728b)
Start importing Assets/Art/Birds/BeekRedOpen2.png using Guid(0fa51d39f6960854fb7882c09580546e) Importer(815301076,1909f56bfc062723c751e8b465ee728b)  -> (artifact id: 'fe83e132cc9006e2f2d24110b42e4ca6') in 0.106518 seconds 
  Import took 0.109424 seconds .

========================================================================
Received Import Request.
  Time since last request: 0.000283 seconds.
  path: Assets/Art/Birds/MeekGreenOpen1.png
  artifactKey: Guid(ac8ae290dc70f3343b3ad7530587a83b) Importer(815301076,1909f56bfc062723c751e8b465ee728b)
Start importing Assets/Art/Birds/MeekGreenOpen1.png using Guid(ac8ae290dc70f3343b3ad7530587a83b) Importer(815301076,1909f56bfc062723c751e8b465ee728b)  -> (artifact id: '8a4a6794c54eaccc4ce0e1c1b1fb96a9') in 0.016244 seconds 
  Import took 0.020246 seconds .

========================================================================
Received Import Request.
  Time since last request: 0.000302 seconds.
  path: Assets/Art/Environment/Summer Ground.png
  artifactKey: Guid(ff1562ecb64bba045ba4a05c088e28ce) Importer(815301076,1909f56bfc062723c751e8b465ee728b)
Start importing Assets/Art/Environment/Summer Ground.png using Guid(ff1562ecb64bba045ba4a05c088e28ce) Importer(815301076,1909f56bfc062723c751e8b465ee728b)  -> (artifact id: 'a294397b7874eb9dbe1dbf79b8311a76') in 0.018076 seconds 
  Import took 0.021023 seconds .

========================================================================
Received Import Request.
  Time since last request: 0.000194 seconds.
  path: Assets/Art/Birds/MeekGreenClosed2.png
  artifactKey: Guid(5c31d9af83af439448d88e311345b20b) Importer(815301076,1909f56bfc062723c751e8b465ee728b)
Start importing Assets/Art/Birds/MeekGreenClosed2.png using Guid(5c31d9af83af439448d88e311345b20b) Importer(815301076,1909f56bfc062723c751e8b465ee728b)  -> (artifact id: 'b68fe8ff48120f28552649fc67dfa346') in 0.017268 seconds 
  Import took 0.020391 seconds .

========================================================================
Received Import Request.
  Time since last request: 0.000334 seconds.
  path: Assets/Art
  artifactKey: Guid(b38109b0f9896c84eb9f62f2773b3581) Importer(815301076,1909f56bfc062723c751e8b465ee728b)
Start importing Assets/Art using Guid(b38109b0f9896c84eb9f62f2773b3581) Importer(815301076,1909f56bfc062723c751e8b465ee728b)  -> (artifact id: '4ae73670e28f36f8b51f3edaca67b24d') in 0.005993 seconds 
  Import took 0.008707 seconds .

========================================================================
Received Import Request.
  Time since last request: 0.000192 seconds.
  path: Assets/Art/Birds/BeekRedClosed1.png
  artifactKey: Guid(961de39bc77b0e445977faf476142b3f) Importer(815301076,1909f56bfc062723c751e8b465ee728b)
Start importing Assets/Art/Birds/BeekRedClosed1.png using Guid(961de39bc77b0e445977faf476142b3f) Importer(815301076,1909f56bfc062723c751e8b465ee728b)  -> (artifact id: 'f521e9a59755d5989de5860c38a1fa06') in 0.013659 seconds 
  Import took 0.016846 seconds .

========================================================================
Received Import Request.
  Time since last request: 0.000286 seconds.
  path: Assets/Art/Birds/BeekRedOpen1.png
  artifactKey: Guid(354e3b168c253dd4fb6a80ed1dad7358) Importer(815301076,1909f56bfc062723c751e8b465ee728b)
Start importing Assets/Art/Birds/BeekRedOpen1.png using Guid(354e3b168c253dd4fb6a80ed1dad7358) Importer(815301076,1909f56bfc062723c751e8b465ee728b)  -> (artifact id: '07a9fc52082449891d873878977adc52') in 0.016908 seconds 
  Import took 0.020908 seconds .

========================================================================
Received Import Request.
  Time since last request: 0.000243 seconds.
  path: Assets/Art/Monsters/MonsterPurpleOpen.png
  artifactKey: Guid(6376e65d5cd1502458f627e6f98265e4) Importer(815301076,1909f56bfc062723c751e8b465ee728b)
Start importing Assets/Art/Monsters/MonsterPurpleOpen.png using Guid(6376e65d5cd1502458f627e6f98265e4) Importer(815301076,1909f56bfc062723c751e8b465ee728b)  -> (artifact id: '2b08a0cc7562525591d1de21af662edc') in 0.021014 seconds 
  Import took 0.026670 seconds .

========================================================================
Received Import Request.
  Time since last request: 0.000248 seconds.
  path: Assets/Art/Environment/Summer Background.png
  artifactKey: Guid(0b8bbf5199d0038458f583e0aa7b88f5) Importer(815301076,1909f56bfc062723c751e8b465ee728b)
Start importing Assets/Art/Environment/Summer Background.png using Guid(0b8bbf5199d0038458f583e0aa7b88f5) Importer(815301076,1909f56bfc062723c751e8b465ee728b)  -> (artifact id: '7c6b48dda3909fe0b686e4d36fba0aa2') in 0.030792 seconds 
  Import took 0.035913 seconds .

========================================================================
Received Import Request.
  Time since last request: 0.000224 seconds.
  path: Assets/Art/UI/OutlinedCircle.png
  artifactKey: Guid(48aad9736ed0c5948b0642c495c6d2b0) Importer(815301076,1909f56bfc062723c751e8b465ee728b)
Start importing Assets/Art/UI/OutlinedCircle.png using Guid(48aad9736ed0c5948b0642c495c6d2b0) Importer(815301076,1909f56bfc062723c751e8b465ee728b)  -> (artifact id: '30c71fce766228807d03655c454ad510') in 0.025793 seconds 
  Import took 0.030517 seconds .

========================================================================
Received Import Request.
  Time since last request: 0.000244 seconds.
  path: Assets/Art/Monsters/MonsterPurpleClosed.png
  artifactKey: Guid(70a60dad9c6f2aa42941b53edf1428e9) Importer(815301076,1909f56bfc062723c751e8b465ee728b)
Start importing Assets/Art/Monsters/MonsterPurpleClosed.png using Guid(70a60dad9c6f2aa42941b53edf1428e9) Importer(815301076,1909f56bfc062723c751e8b465ee728b)  -> (artifact id: '26bde979f038390779d8deaadc219a5b') in 0.024744 seconds 
  Import took 0.029513 seconds .

========================================================================
Received Import Request.
  Time since last request: 0.000253 seconds.
  path: Assets/Art/Props/Crate 1.png
  artifactKey: Guid(049a88e418bd10d459093652f4475b9e) Importer(815301076,1909f56bfc062723c751e8b465ee728b)
Start importing Assets/Art/Props/Crate 1.png using Guid(049a88e418bd10d459093652f4475b9e) Importer(815301076,1909f56bfc062723c751e8b465ee728b)  -> (artifact id: '3f7b11d4422bd1ba9b68121196c86971') in 0.022085 seconds 
  Import took 0.026401 seconds .

========================================================================
Received Import Request.
  Time since last request: 0.000235 seconds.
  path: Assets/Art/Birds/MeekGreenClosed1.png
  artifactKey: Guid(bad3d5cef29c0e941bcba6e9c538e8f4) Importer(815301076,1909f56bfc062723c751e8b465ee728b)
Start importing Assets/Art/Birds/MeekGreenClosed1.png using Guid(bad3d5cef29c0e941bcba6e9c538e8f4) Importer(815301076,1909f56bfc062723c751e8b465ee728b)  -> (artifact id: '0bc9204bc1a1fc2daae43cda6e1e3786') in 0.025721 seconds 
  Import took 0.029797 seconds .

========================================================================
Received Import Request.
  Time since last request: 0.000226 seconds.
  path: Assets/Art/Birds
  artifactKey: Guid(b8dd572d44a99544f9ca4f6d2922814a) Importer(815301076,1909f56bfc062723c751e8b465ee728b)
Start importing Assets/Art/Birds using Guid(b8dd572d44a99544f9ca4f6d2922814a) Importer(815301076,1909f56bfc062723c751e8b465ee728b)  -> (artifact id: '887d46c299ccfe23775561fe5b658208') in 0.008622 seconds 
  Import took 0.013730 seconds .

========================================================================
Received Import Request.
  Time since last request: 0.000240 seconds.
  path: Assets/Art/Birds/BeekRedClosed2.png
  artifactKey: Guid(bbafdc812f598d145bc33ae722fc38fc) Importer(815301076,1909f56bfc062723c751e8b465ee728b)
Start importing Assets/Art/Birds/BeekRedClosed2.png using Guid(bbafdc812f598d145bc33ae722fc38fc) Importer(815301076,1909f56bfc062723c751e8b465ee728b)  -> (artifact id: '8cf2a8b3665f41920930cc7963c343ef') in 0.020118 seconds 
  Import took 0.025704 seconds .

========================================================================
Received Import Request.
  Time since last request: 0.000255 seconds.
  path: Assets/Art/Birds/MeekGreenOpen2.png
  artifactKey: Guid(e0b06f8373ac5b149b762c54c195f4f4) Importer(815301076,1909f56bfc062723c751e8b465ee728b)
Start importing Assets/Art/Birds/MeekGreenOpen2.png using Guid(e0b06f8373ac5b149b762c54c195f4f4) Importer(815301076,1909f56bfc062723c751e8b465ee728b)  -> (artifact id: '6b2e85bf2a095414109ef412d248a861') in 0.032503 seconds 
  Import took 0.036900 seconds .

========================================================================
Received Import Request.
  Time since last request: 0.000229 seconds.
  path: Assets/Art/Props/Crate 2.png
  artifactKey: Guid(f887dcd05d9be1940b0557e1c0347d6b) Importer(815301076,1909f56bfc062723c751e8b465ee728b)
Start importing Assets/Art/Props/Crate 2.png using Guid(f887dcd05d9be1940b0557e1c0347d6b) Importer(815301076,1909f56bfc062723c751e8b465ee728b)  -> (artifact id: '58f9b2e25f65c4eb7a0a3ef9aa70c066') in 0.025095 seconds 
  Import took 0.029947 seconds .

